#
# There is insufficient memory for the Java Runtime Environment to continue.
# Native memory allocation (malloc) failed to allocate 169296 bytes for Chunk::new
# Possible reasons:
#   The system is out of physical RAM or swap space
#   The process is running with CompressedOops enabled, and the Java Heap may be blocking the growth of the native heap
# Possible solutions:
#   Reduce memory load on the system
#   Increase physical memory or swap space
#   Check if swap backing store is full
#   Decrease Java heap size (-Xmx/-Xms)
#   Decrease number of Java threads
#   Decrease Java thread stack sizes (-Xss)
#   Set larger code cache with -XX:ReservedCodeCacheSize=
#   JVM is running with Unscaled Compressed Oops mode in which the Java heap is
#     placed in the first 4GB address space. The Java Heap base address is the
#     maximum limit for the native heap growth. Please use -XX:HeapBaseMinAddress
#     to set the Java Heap base and to place the Java Heap above 4GB virtual address.
# This output file may be truncated or incomplete.
#
#  Out of Memory Error (./open/src/hotspot/share/memory/arena.cpp:195), pid=7664, tid=2372
#
# JRE version: Java(TM) SE Runtime Environment (15.0.1+9) (build 15.0.1+9-18)
# Java VM: Java HotSpot(TM) 64-Bit Server VM (15.0.1+9-18, mixed mode, sharing, tiered, compressed oops, g1 gc, windows-amd64)
# No core dump will be written. Minidumps are not enabled by default on client versions of Windows
#

---------------  S U M M A R Y ------------

Command Line: -ea -Dfile.encoding=Cp1252 -XX:+ShowCodeDetailsInExceptionMessages org.eclipse.jdt.internal.junit.runner.RemoteTestRunner -version 3 -port 53394 -testLoaderClass org.eclipse.jdt.internal.junit4.runner.JUnit4TestLoader -loaderpluginname org.eclipse.jdt.junit4.runtime -classNames runner.RunnerClass

Host: Intel(R) Core(TM) i5-4210U CPU @ 1.70GHz, 4 cores, 7G,  Windows 10 , 64 bit Build 19041 (10.0.19041.662)
Time: Sat Jan  2 21:45:42 2021 India Standard Time elapsed time: 1.118657 seconds (0d 0h 0m 1s)

---------------  T H R E A D  ---------------

Current thread (0x000001b0ea2f4710):  JavaThread "C2 CompilerThread0" daemon [_thread_in_native, id=2372, stack(0x0000006c76f00000,0x0000006c77000000)]


Current CompileTask:
C2:   1147  815 %     4       sun.nio.cs.UTF_8$Decoder::decodeArrayLoop @ 106 (691 bytes)

Stack: [0x0000006c76f00000,0x0000006c77000000]
Native frames: (J=compiled Java code, j=interpreted, Vv=VM code, C=native code)
V  [jvm.dll+0x62ae9a]
V  [jvm.dll+0x781389]
V  [jvm.dll+0x782ae3]
V  [jvm.dll+0x783143]
V  [jvm.dll+0x216265]
V  [jvm.dll+0x97efa]
V  [jvm.dll+0x985dc]
V  [jvm.dll+0x27a1bf]
V  [jvm.dll+0x5408d4]
V  [jvm.dll+0x1f2c14]
V  [jvm.dll+0x1ec288]
V  [jvm.dll+0x1e97a7]
V  [jvm.dll+0x1784c7]
V  [jvm.dll+0x1f9165]
V  [jvm.dll+0x1f720c]
V  [jvm.dll+0x74485d]
V  [jvm.dll+0x73d65a]
V  [jvm.dll+0x629c56]
C  [ucrtbase.dll+0x214c2]
C  [KERNEL32.DLL+0x17034]
C  [ntdll.dll+0x4d0d1]


---------------  P R O C E S S  ---------------

Threads class SMR info:
_java_thread_list=0x000001b0eb6195f0, length=14, elements={
0x000001b0ca0d9330, 0x000001b0ea2d3a00, 0x000001b0ea2d4c80, 0x000001b0ea2eb7b0,
0x000001b0ea2f0090, 0x000001b0ea2f2960, 0x000001b0ea2f4710, 0x000001b0eac74890,
0x000001b0eac8f520, 0x000001b0ead30350, 0x000001b0ead3cc00, 0x000001b0ead9a3f0,
0x000001b0eb5ced60, 0x000001b0eb5cf230
}

Java Threads: ( => current thread )
  0x000001b0ca0d9330 JavaThread "main" [_thread_blocked, id=6832, stack(0x0000006c76300000,0x0000006c76400000)]
  0x000001b0ea2d3a00 JavaThread "Reference Handler" daemon [_thread_blocked, id=1696, stack(0x0000006c76a00000,0x0000006c76b00000)]
  0x000001b0ea2d4c80 JavaThread "Finalizer" daemon [_thread_blocked, id=12232, stack(0x0000006c76b00000,0x0000006c76c00000)]
  0x000001b0ea2eb7b0 JavaThread "Signal Dispatcher" daemon [_thread_blocked, id=4956, stack(0x0000006c76c00000,0x0000006c76d00000)]
  0x000001b0ea2f0090 JavaThread "Attach Listener" daemon [_thread_blocked, id=2668, stack(0x0000006c76d00000,0x0000006c76e00000)]
  0x000001b0ea2f2960 JavaThread "Service Thread" daemon [_thread_blocked, id=11824, stack(0x0000006c76e00000,0x0000006c76f00000)]
=>0x000001b0ea2f4710 JavaThread "C2 CompilerThread0" daemon [_thread_in_native, id=2372, stack(0x0000006c76f00000,0x0000006c77000000)]
  0x000001b0eac74890 JavaThread "C1 CompilerThread0" daemon [_thread_blocked, id=11288, stack(0x0000006c77000000,0x0000006c77100000)]
  0x000001b0eac8f520 JavaThread "Sweeper thread" daemon [_thread_blocked, id=11708, stack(0x0000006c77100000,0x0000006c77200000)]
  0x000001b0ead30350 JavaThread "Notification Thread" daemon [_thread_blocked, id=7340, stack(0x0000006c77200000,0x0000006c77300000)]
  0x000001b0ead3cc00 JavaThread "Common-Cleaner" daemon [_thread_blocked, id=4592, stack(0x0000006c77400000,0x0000006c77500000)]
  0x000001b0ead9a3f0 JavaThread "ReaderThread" [_thread_in_native, id=11016, stack(0x0000006c77600000,0x0000006c77700000)]
  0x000001b0eb5ced60 JavaThread "SeedGenerator Thread" daemon [_thread_in_Java, id=6860, stack(0x0000006c77900000,0x0000006c77a00000)]
  0x000001b0eb5cf230 JavaThread "SeedGenerator Thread" daemon [_thread_blocked, id=2672, stack(0x0000006c77a00000,0x0000006c77b00000)]

Other Threads:
  0x000001b0ea2ceab0 VMThread "VM Thread" [stack: 0x0000006c76900000,0x0000006c76a00000] [id=10752]
  0x000001b0ead34fd0 WatcherThread [stack: 0x0000006c77300000,0x0000006c77400000] [id=1444]
  0x000001b0ca119210 GCTaskThread "GC Thread#0" [stack: 0x0000006c76400000,0x0000006c76500000] [id=7728]
  0x000001b0eb2277b0 GCTaskThread "GC Thread#1" [stack: 0x0000006c77500000,0x0000006c77600000] [id=9872]
  0x000001b0eb225e30 GCTaskThread "GC Thread#2" [stack: 0x0000006c77700000,0x0000006c77800000] [id=9296]
  0x000001b0eb224e40 GCTaskThread "GC Thread#3" [stack: 0x0000006c77800000,0x0000006c77900000] [id=12264]
  0x000001b0ca12a0b0 ConcurrentGCThread "G1 Main Marker" [stack: 0x0000006c76500000,0x0000006c76600000] [id=5212]
  0x000001b0ca12b490 ConcurrentGCThread "G1 Conc#0" [stack: 0x0000006c76600000,0x0000006c76700000] [id=3464]
  0x000001b0ca1a17a0 ConcurrentGCThread "G1 Refine#0" [stack: 0x0000006c76700000,0x0000006c76800000] [id=1080]
  0x000001b0ca1a3a60 ConcurrentGCThread "G1 Young RemSet Sampling" [stack: 0x0000006c76800000,0x0000006c76900000] [id=6660]

Threads with active compile tasks:
C2 CompilerThread0     1695  815 %     4       sun.nio.cs.UTF_8$Decoder::decodeArrayLoop @ 106 (691 bytes)

VM state: not at safepoint (normal execution)

VM Mutex/Monitor currently owned by a thread: None

Heap address: 0x0000000080e00000, size: 2034 MB, Compressed Oops mode: 32-bit
CDS archive(s) mapped at: [0x0000000800000000-0x0000000800b50000-0x0000000800b50000), size 11862016, SharedBaseAddress: 0x0000000800000000, ArchiveRelocationMode: 0.
Compressed class space mapped at: 0x0000000800b50000-0x0000000840b50000, size: 1073741824
Narrow klass base: 0x0000000800000000, Narrow klass shift: 3, Narrow klass range: 0x100000000

GC Precious Log:
 CPUs: 4 total, 4 available
 Memory: 8128M
 Large Page Support: Disabled
 NUMA Support: Disabled
 Compressed Oops: Enabled (32-bit)
 Heap Region Size: 1M
 Heap Min Capacity: 8M
 Heap Initial Capacity: 128M
 Heap Max Capacity: 2034M
 Pre-touch: Disabled
 Parallel Workers: 4
 Concurrent Workers: 1
 Concurrent Refinement Workers: 4
 Periodic GC: Disabled

Heap:
 garbage-first heap   total 131072K, used 6999K [0x0000000080e00000, 0x0000000100000000)
  region size 1024K, 6 young (6144K), 2 survivors (2048K)
 Metaspace       used 4755K, capacity 6682K, committed 6912K, reserved 1056768K
  class space    used 511K, capacity 674K, committed 768K, reserved 1048576K

Heap Regions: E=young(eden), S=young(survivor), O=old, HS=humongous(starts), HC=humongous(continues), CS=collection set, F=free, OA=open archive, CA=closed archive, TAMS=top-at-mark-start (previous, next)
|   0|0x0000000080e00000, 0x0000000080f00000, 0x0000000080f00000|100%| O|  |TAMS 0x0000000080e00000, 0x0000000080e00000| Untracked 
|   1|0x0000000080f00000, 0x0000000080fd5c00, 0x0000000081000000| 83%| O|  |TAMS 0x0000000080f00000, 0x0000000080f00000| Untracked 
|   2|0x0000000081000000, 0x0000000081000000, 0x0000000081100000|  0%| F|  |TAMS 0x0000000081000000, 0x0000000081000000| Untracked 
|   3|0x0000000081100000, 0x0000000081100000, 0x0000000081200000|  0%| F|  |TAMS 0x0000000081100000, 0x0000000081100000| Untracked 
|   4|0x0000000081200000, 0x0000000081200000, 0x0000000081300000|  0%| F|  |TAMS 0x0000000081200000, 0x0000000081200000| Untracked 
|   5|0x0000000081300000, 0x0000000081300000, 0x0000000081400000|  0%| F|  |TAMS 0x0000000081300000, 0x0000000081300000| Untracked 
|   6|0x0000000081400000, 0x0000000081400000, 0x0000000081500000|  0%| F|  |TAMS 0x0000000081400000, 0x0000000081400000| Untracked 
|   7|0x0000000081500000, 0x0000000081500000, 0x0000000081600000|  0%| F|  |TAMS 0x0000000081500000, 0x0000000081500000| Untracked 
|   8|0x0000000081600000, 0x0000000081600000, 0x0000000081700000|  0%| F|  |TAMS 0x0000000081600000, 0x0000000081600000| Untracked 
|   9|0x0000000081700000, 0x0000000081700000, 0x0000000081800000|  0%| F|  |TAMS 0x0000000081700000, 0x0000000081700000| Untracked 
|  10|0x0000000081800000, 0x0000000081800000, 0x0000000081900000|  0%| F|  |TAMS 0x0000000081800000, 0x0000000081800000| Untracked 
|  11|0x0000000081900000, 0x0000000081900000, 0x0000000081a00000|  0%| F|  |TAMS 0x0000000081900000, 0x0000000081900000| Untracked 
|  12|0x0000000081a00000, 0x0000000081a00000, 0x0000000081b00000|  0%| F|  |TAMS 0x0000000081a00000, 0x0000000081a00000| Untracked 
|  13|0x0000000081b00000, 0x0000000081b00000, 0x0000000081c00000|  0%| F|  |TAMS 0x0000000081b00000, 0x0000000081b00000| Untracked 
|  14|0x0000000081c00000, 0x0000000081c00000, 0x0000000081d00000|  0%| F|  |TAMS 0x0000000081c00000, 0x0000000081c00000| Untracked 
|  15|0x0000000081d00000, 0x0000000081d00000, 0x0000000081e00000|  0%| F|  |TAMS 0x0000000081d00000, 0x0000000081d00000| Untracked 
|  16|0x0000000081e00000, 0x0000000081e00000, 0x0000000081f00000|  0%| F|  |TAMS 0x0000000081e00000, 0x0000000081e00000| Untracked 
|  17|0x0000000081f00000, 0x0000000081f00000, 0x0000000082000000|  0%| F|  |TAMS 0x0000000081f00000, 0x0000000081f00000| Untracked 
|  18|0x0000000082000000, 0x0000000082000000, 0x0000000082100000|  0%| F|  |TAMS 0x0000000082000000, 0x0000000082000000| Untracked 
|  19|0x0000000082100000, 0x0000000082100000, 0x0000000082200000|  0%| F|  |TAMS 0x0000000082100000, 0x0000000082100000| Untracked 
|  20|0x0000000082200000, 0x0000000082200000, 0x0000000082300000|  0%| F|  |TAMS 0x0000000082200000, 0x0000000082200000| Untracked 
|  21|0x0000000082300000, 0x0000000082300000, 0x0000000082400000|  0%| F|  |TAMS 0x0000000082300000, 0x0000000082300000| Untracked 
|  22|0x0000000082400000, 0x0000000082400000, 0x0000000082500000|  0%| F|  |TAMS 0x0000000082400000, 0x0000000082400000| Untracked 
|  23|0x0000000082500000, 0x0000000082500000, 0x0000000082600000|  0%| F|  |TAMS 0x0000000082500000, 0x0000000082500000| Untracked 
|  24|0x0000000082600000, 0x0000000082600000, 0x0000000082700000|  0%| F|  |TAMS 0x0000000082600000, 0x0000000082600000| Untracked 
|  25|0x0000000082700000, 0x0000000082700000, 0x0000000082800000|  0%| F|  |TAMS 0x0000000082700000, 0x0000000082700000| Untracked 
|  26|0x0000000082800000, 0x0000000082800000, 0x0000000082900000|  0%| F|  |TAMS 0x0000000082800000, 0x0000000082800000| Untracked 
|  27|0x0000000082900000, 0x0000000082900000, 0x0000000082a00000|  0%| F|  |TAMS 0x0000000082900000, 0x0000000082900000| Untracked 
|  28|0x0000000082a00000, 0x0000000082a00000, 0x0000000082b00000|  0%| F|  |TAMS 0x0000000082a00000, 0x0000000082a00000| Untracked 
|  29|0x0000000082b00000, 0x0000000082b00000, 0x0000000082c00000|  0%| F|  |TAMS 0x0000000082b00000, 0x0000000082b00000| Untracked 
|  30|0x0000000082c00000, 0x0000000082c00000, 0x0000000082d00000|  0%| F|  |TAMS 0x0000000082c00000, 0x0000000082c00000| Untracked 
|  31|0x0000000082d00000, 0x0000000082d00000, 0x0000000082e00000|  0%| F|  |TAMS 0x0000000082d00000, 0x0000000082d00000| Untracked 
|  32|0x0000000082e00000, 0x0000000082e00000, 0x0000000082f00000|  0%| F|  |TAMS 0x0000000082e00000, 0x0000000082e00000| Untracked 
|  33|0x0000000082f00000, 0x0000000082f00000, 0x0000000083000000|  0%| F|  |TAMS 0x0000000082f00000, 0x0000000082f00000| Untracked 
|  34|0x0000000083000000, 0x0000000083000000, 0x0000000083100000|  0%| F|  |TAMS 0x0000000083000000, 0x0000000083000000| Untracked 
|  35|0x0000000083100000, 0x0000000083100000, 0x0000000083200000|  0%| F|  |TAMS 0x0000000083100000, 0x0000000083100000| Untracked 
|  36|0x0000000083200000, 0x0000000083200000, 0x0000000083300000|  0%| F|  |TAMS 0x0000000083200000, 0x0000000083200000| Untracked 
|  37|0x0000000083300000, 0x0000000083300000, 0x0000000083400000|  0%| F|  |TAMS 0x0000000083300000, 0x0000000083300000| Untracked 
|  38|0x0000000083400000, 0x0000000083400000, 0x0000000083500000|  0%| F|  |TAMS 0x0000000083400000, 0x0000000083400000| Untracked 
|  39|0x0000000083500000, 0x0000000083500000, 0x0000000083600000|  0%| F|  |TAMS 0x0000000083500000, 0x0000000083500000| Untracked 
|  40|0x0000000083600000, 0x0000000083600000, 0x0000000083700000|  0%| F|  |TAMS 0x0000000083600000, 0x0000000083600000| Untracked 
|  41|0x0000000083700000, 0x0000000083700000, 0x0000000083800000|  0%| F|  |TAMS 0x0000000083700000, 0x0000000083700000| Untracked 
|  42|0x0000000083800000, 0x0000000083800000, 0x0000000083900000|  0%| F|  |TAMS 0x0000000083800000, 0x0000000083800000| Untracked 
|  43|0x0000000083900000, 0x0000000083900000, 0x0000000083a00000|  0%| F|  |TAMS 0x0000000083900000, 0x0000000083900000| Untracked 
|  44|0x0000000083a00000, 0x0000000083a00000, 0x0000000083b00000|  0%| F|  |TAMS 0x0000000083a00000, 0x0000000083a00000| Untracked 
|  45|0x0000000083b00000, 0x0000000083b00000, 0x0000000083c00000|  0%| F|  |TAMS 0x0000000083b00000, 0x0000000083b00000| Untracked 
|  46|0x0000000083c00000, 0x0000000083c00000, 0x0000000083d00000|  0%| F|  |TAMS 0x0000000083c00000, 0x0000000083c00000| Untracked 
|  47|0x0000000083d00000, 0x0000000083d00000, 0x0000000083e00000|  0%| F|  |TAMS 0x0000000083d00000, 0x0000000083d00000| Untracked 
|  48|0x0000000083e00000, 0x0000000083e00000, 0x0000000083f00000|  0%| F|  |TAMS 0x0000000083e00000, 0x0000000083e00000| Untracked 
|  49|0x0000000083f00000, 0x0000000083f00000, 0x0000000084000000|  0%| F|  |TAMS 0x0000000083f00000, 0x0000000083f00000| Untracked 
|  50|0x0000000084000000, 0x0000000084000000, 0x0000000084100000|  0%| F|  |TAMS 0x0000000084000000, 0x0000000084000000| Untracked 
|  51|0x0000000084100000, 0x0000000084100000, 0x0000000084200000|  0%| F|  |TAMS 0x0000000084100000, 0x0000000084100000| Untracked 
|  52|0x0000000084200000, 0x0000000084200000, 0x0000000084300000|  0%| F|  |TAMS 0x0000000084200000, 0x0000000084200000| Untracked 
|  53|0x0000000084300000, 0x0000000084300000, 0x0000000084400000|  0%| F|  |TAMS 0x0000000084300000, 0x0000000084300000| Untracked 
|  54|0x0000000084400000, 0x0000000084400000, 0x0000000084500000|  0%| F|  |TAMS 0x0000000084400000, 0x0000000084400000| Untracked 
|  55|0x0000000084500000, 0x0000000084500000, 0x0000000084600000|  0%| F|  |TAMS 0x0000000084500000, 0x0000000084500000| Untracked 
|  56|0x0000000084600000, 0x0000000084600000, 0x0000000084700000|  0%| F|  |TAMS 0x0000000084600000, 0x0000000084600000| Untracked 
|  57|0x0000000084700000, 0x0000000084700000, 0x0000000084800000|  0%| F|  |TAMS 0x0000000084700000, 0x0000000084700000| Untracked 
|  58|0x0000000084800000, 0x0000000084800000, 0x0000000084900000|  0%| F|  |TAMS 0x0000000084800000, 0x0000000084800000| Untracked 
|  59|0x0000000084900000, 0x0000000084900000, 0x0000000084a00000|  0%| F|  |TAMS 0x0000000084900000, 0x0000000084900000| Untracked 
|  60|0x0000000084a00000, 0x0000000084a00000, 0x0000000084b00000|  0%| F|  |TAMS 0x0000000084a00000, 0x0000000084a00000| Untracked 
|  61|0x0000000084b00000, 0x0000000084b00000, 0x0000000084c00000|  0%| F|  |TAMS 0x0000000084b00000, 0x0000000084b00000| Untracked 
|  62|0x0000000084c00000, 0x0000000084c00000, 0x0000000084d00000|  0%| F|  |TAMS 0x0000000084c00000, 0x0000000084c00000| Untracked 
|  63|0x0000000084d00000, 0x0000000084d00000, 0x0000000084e00000|  0%| F|  |TAMS 0x0000000084d00000, 0x0000000084d00000| Untracked 
|  64|0x0000000084e00000, 0x0000000084e00000, 0x0000000084f00000|  0%| F|  |TAMS 0x0000000084e00000, 0x0000000084e00000| Untracked 
|  65|0x0000000084f00000, 0x0000000084f00000, 0x0000000085000000|  0%| F|  |TAMS 0x0000000084f00000, 0x0000000084f00000| Untracked 
|  66|0x0000000085000000, 0x0000000085000000, 0x0000000085100000|  0%| F|  |TAMS 0x0000000085000000, 0x0000000085000000| Untracked 
|  67|0x0000000085100000, 0x0000000085100000, 0x0000000085200000|  0%| F|  |TAMS 0x0000000085100000, 0x0000000085100000| Untracked 
|  68|0x0000000085200000, 0x0000000085200000, 0x0000000085300000|  0%| F|  |TAMS 0x0000000085200000, 0x0000000085200000| Untracked 
|  69|0x0000000085300000, 0x0000000085300000, 0x0000000085400000|  0%| F|  |TAMS 0x0000000085300000, 0x0000000085300000| Untracked 
|  70|0x0000000085400000, 0x0000000085400000, 0x0000000085500000|  0%| F|  |TAMS 0x0000000085400000, 0x0000000085400000| Untracked 
|  71|0x0000000085500000, 0x0000000085500000, 0x0000000085600000|  0%| F|  |TAMS 0x0000000085500000, 0x0000000085500000| Untracked 
|  72|0x0000000085600000, 0x0000000085600000, 0x0000000085700000|  0%| F|  |TAMS 0x0000000085600000, 0x0000000085600000| Untracked 
|  73|0x0000000085700000, 0x0000000085700000, 0x0000000085800000|  0%| F|  |TAMS 0x0000000085700000, 0x0000000085700000| Untracked 
|  74|0x0000000085800000, 0x0000000085800000, 0x0000000085900000|  0%| F|  |TAMS 0x0000000085800000, 0x0000000085800000| Untracked 
|  75|0x0000000085900000, 0x0000000085900000, 0x0000000085a00000|  0%| F|  |TAMS 0x0000000085900000, 0x0000000085900000| Untracked 
|  76|0x0000000085a00000, 0x0000000085a00000, 0x0000000085b00000|  0%| F|  |TAMS 0x0000000085a00000, 0x0000000085a00000| Untracked 
|  77|0x0000000085b00000, 0x0000000085b00000, 0x0000000085c00000|  0%| F|  |TAMS 0x0000000085b00000, 0x0000000085b00000| Untracked 
|  78|0x0000000085c00000, 0x0000000085c00000, 0x0000000085d00000|  0%| F|  |TAMS 0x0000000085c00000, 0x0000000085c00000| Untracked 
|  79|0x0000000085d00000, 0x0000000085d00000, 0x0000000085e00000|  0%| F|  |TAMS 0x0000000085d00000, 0x0000000085d00000| Untracked 
|  80|0x0000000085e00000, 0x0000000085e00000, 0x0000000085f00000|  0%| F|  |TAMS 0x0000000085e00000, 0x0000000085e00000| Untracked 
|  81|0x0000000085f00000, 0x0000000085f00000, 0x0000000086000000|  0%| F|  |TAMS 0x0000000085f00000, 0x0000000085f00000| Untracked 
|  82|0x0000000086000000, 0x0000000086000000, 0x0000000086100000|  0%| F|  |TAMS 0x0000000086000000, 0x0000000086000000| Untracked 
|  83|0x0000000086100000, 0x0000000086100000, 0x0000000086200000|  0%| F|  |TAMS 0x0000000086100000, 0x0000000086100000| Untracked 
|  84|0x0000000086200000, 0x0000000086200000, 0x0000000086300000|  0%| F|  |TAMS 0x0000000086200000, 0x0000000086200000| Untracked 
|  85|0x0000000086300000, 0x0000000086300000, 0x0000000086400000|  0%| F|  |TAMS 0x0000000086300000, 0x0000000086300000| Untracked 
|  86|0x0000000086400000, 0x0000000086400000, 0x0000000086500000|  0%| F|  |TAMS 0x0000000086400000, 0x0000000086400000| Untracked 
|  87|0x0000000086500000, 0x0000000086500000, 0x0000000086600000|  0%| F|  |TAMS 0x0000000086500000, 0x0000000086500000| Untracked 
|  88|0x0000000086600000, 0x0000000086600000, 0x0000000086700000|  0%| F|  |TAMS 0x0000000086600000, 0x0000000086600000| Untracked 
|  89|0x0000000086700000, 0x0000000086700000, 0x0000000086800000|  0%| F|  |TAMS 0x0000000086700000, 0x0000000086700000| Untracked 
|  90|0x0000000086800000, 0x0000000086800000, 0x0000000086900000|  0%| F|  |TAMS 0x0000000086800000, 0x0000000086800000| Untracked 
|  91|0x0000000086900000, 0x0000000086900000, 0x0000000086a00000|  0%| F|  |TAMS 0x0000000086900000, 0x0000000086900000| Untracked 
|  92|0x0000000086a00000, 0x0000000086a00000, 0x0000000086b00000|  0%| F|  |TAMS 0x0000000086a00000, 0x0000000086a00000| Untracked 
|  93|0x0000000086b00000, 0x0000000086b00000, 0x0000000086c00000|  0%| F|  |TAMS 0x0000000086b00000, 0x0000000086b00000| Untracked 
|  94|0x0000000086c00000, 0x0000000086c00000, 0x0000000086d00000|  0%| F|  |TAMS 0x0000000086c00000, 0x0000000086c00000| Untracked 
|  95|0x0000000086d00000, 0x0000000086d00000, 0x0000000086e00000|  0%| F|  |TAMS 0x0000000086d00000, 0x0000000086d00000| Untracked 
|  96|0x0000000086e00000, 0x0000000086e00000, 0x0000000086f00000|  0%| F|  |TAMS 0x0000000086e00000, 0x0000000086e00000| Untracked 
|  97|0x0000000086f00000, 0x0000000086f00000, 0x0000000087000000|  0%| F|  |TAMS 0x0000000086f00000, 0x0000000086f00000| Untracked 
|  98|0x0000000087000000, 0x0000000087000000, 0x0000000087100000|  0%| F|  |TAMS 0x0000000087000000, 0x0000000087000000| Untracked 
|  99|0x0000000087100000, 0x0000000087100000, 0x0000000087200000|  0%| F|  |TAMS 0x0000000087100000, 0x0000000087100000| Untracked 
| 100|0x0000000087200000, 0x0000000087200000, 0x0000000087300000|  0%| F|  |TAMS 0x0000000087200000, 0x0000000087200000| Untracked 
| 101|0x0000000087300000, 0x0000000087300000, 0x0000000087400000|  0%| F|  |TAMS 0x0000000087300000, 0x0000000087300000| Untracked 
| 102|0x0000000087400000, 0x0000000087400000, 0x0000000087500000|  0%| F|  |TAMS 0x0000000087400000, 0x0000000087400000| Untracked 
| 103|0x0000000087500000, 0x0000000087500000, 0x0000000087600000|  0%| F|  |TAMS 0x0000000087500000, 0x0000000087500000| Untracked 
| 104|0x0000000087600000, 0x0000000087600000, 0x0000000087700000|  0%| F|  |TAMS 0x0000000087600000, 0x0000000087600000| Untracked 
| 105|0x0000000087700000, 0x0000000087700000, 0x0000000087800000|  0%| F|  |TAMS 0x0000000087700000, 0x0000000087700000| Untracked 
| 106|0x0000000087800000, 0x0000000087800000, 0x0000000087900000|  0%| F|  |TAMS 0x0000000087800000, 0x0000000087800000| Untracked 
| 107|0x0000000087900000, 0x0000000087900000, 0x0000000087a00000|  0%| F|  |TAMS 0x0000000087900000, 0x0000000087900000| Untracked 
| 108|0x0000000087a00000, 0x0000000087a00000, 0x0000000087b00000|  0%| F|  |TAMS 0x0000000087a00000, 0x0000000087a00000| Untracked 
| 109|0x0000000087b00000, 0x0000000087b00000, 0x0000000087c00000|  0%| F|  |TAMS 0x0000000087b00000, 0x0000000087b00000| Untracked 
| 110|0x0000000087c00000, 0x0000000087c00000, 0x0000000087d00000|  0%| F|  |TAMS 0x0000000087c00000, 0x0000000087c00000| Untracked 
| 111|0x0000000087d00000, 0x0000000087d00000, 0x0000000087e00000|  0%| F|  |TAMS 0x0000000087d00000, 0x0000000087d00000| Untracked 
| 112|0x0000000087e00000, 0x0000000087e00000, 0x0000000087f00000|  0%| F|  |TAMS 0x0000000087e00000, 0x0000000087e00000| Untracked 
| 113|0x0000000087f00000, 0x0000000088000000, 0x0000000088000000|100%| S|CS|TAMS 0x0000000087f00000, 0x0000000087f00000| Complete 
| 114|0x0000000088000000, 0x0000000088100000, 0x0000000088100000|100%| S|CS|TAMS 0x0000000088000000, 0x0000000088000000| Complete 
| 115|0x0000000088100000, 0x0000000088100000, 0x0000000088200000|  0%| F|  |TAMS 0x0000000088100000, 0x0000000088100000| Untracked 
| 116|0x0000000088200000, 0x0000000088200000, 0x0000000088300000|  0%| F|  |TAMS 0x0000000088200000, 0x0000000088200000| Untracked 
| 117|0x0000000088300000, 0x0000000088300000, 0x0000000088400000|  0%| F|  |TAMS 0x0000000088300000, 0x0000000088300000| Untracked 
| 118|0x0000000088400000, 0x0000000088400000, 0x0000000088500000|  0%| F|  |TAMS 0x0000000088400000, 0x0000000088400000| Untracked 
| 119|0x0000000088500000, 0x0000000088500000, 0x0000000088600000|  0%| F|  |TAMS 0x0000000088500000, 0x0000000088500000| Untracked 
| 120|0x0000000088600000, 0x0000000088600000, 0x0000000088700000|  0%| F|  |TAMS 0x0000000088600000, 0x0000000088600000| Untracked 
| 121|0x0000000088700000, 0x0000000088700000, 0x0000000088800000|  0%| F|  |TAMS 0x0000000088700000, 0x0000000088700000| Untracked 
| 122|0x0000000088800000, 0x0000000088800000, 0x0000000088900000|  0%| F|  |TAMS 0x0000000088800000, 0x0000000088800000| Untracked 
| 123|0x0000000088900000, 0x0000000088900000, 0x0000000088a00000|  0%| F|  |TAMS 0x0000000088900000, 0x0000000088900000| Untracked 
| 124|0x0000000088a00000, 0x0000000088a4b438, 0x0000000088b00000| 29%| E|  |TAMS 0x0000000088a00000, 0x0000000088a00000| Complete 
| 125|0x0000000088b00000, 0x0000000088c00000, 0x0000000088c00000|100%| E|CS|TAMS 0x0000000088b00000, 0x0000000088b00000| Complete 
| 126|0x0000000088c00000, 0x0000000088d00000, 0x0000000088d00000|100%| E|CS|TAMS 0x0000000088c00000, 0x0000000088c00000| Complete 
| 127|0x0000000088d00000, 0x0000000088e00000, 0x0000000088e00000|100%| E|CS|TAMS 0x0000000088d00000, 0x0000000088d00000| Complete 

Card table byte_map: [0x000001b0e3520000,0x000001b0e3920000] _byte_map_base: 0x000001b0e3119000

Marking Bits (Prev, Next): (CMBitMap*) 0x000001b0ca119910, (CMBitMap*) 0x000001b0ca119950
 Prev Bits: [0x000001b0e3d20000, 0x000001b0e5ce8000)
 Next Bits: [0x000001b0e5cf0000, 0x000001b0e7cb8000)

Polling page: 0x000001b0ca1b0000

Metaspace:

Usage:
  Non-class:      5.87 MB capacity,     4.15 MB ( 71%) used,     1.72 MB ( 29%) free+waste,     5.19 KB ( <1%) overhead. 
      Class:    674.00 KB capacity,   511.28 KB ( 76%) used,   160.28 KB ( 24%) free+waste,     2.44 KB ( <1%) overhead. 
       Both:      6.53 MB capacity,     4.64 MB ( 71%) used,     1.87 MB ( 29%) free+waste,     7.62 KB ( <1%) overhead. 

Virtual space:
  Non-class space:        8.00 MB reserved,       6.00 MB ( 75%) committed 
      Class space:        1.00 GB reserved,     768.00 KB ( <1%) committed 
             Both:        1.01 GB reserved,       6.75 MB ( <1%) committed 

Chunk freelists:
   Non-Class:  8.00 KB
       Class:  0 bytes
        Both:  8.00 KB

MaxMetaspaceSize: 17179869184.00 GB
CompressedClassSpaceSize: 1.00 GB

CodeHeap 'non-profiled nmethods': size=120000Kb used=267Kb max_used=267Kb free=119733Kb
 bounds [0x000001b0db5c0000, 0x000001b0db830000, 0x000001b0e2af0000]
CodeHeap 'profiled nmethods': size=120000Kb used=1648Kb max_used=1648Kb free=118351Kb
 bounds [0x000001b0d4090000, 0x000001b0d4300000, 0x000001b0db5c0000]
CodeHeap 'non-nmethods': size=5760Kb used=1145Kb max_used=1159Kb free=4615Kb
 bounds [0x000001b0d3af0000, 0x000001b0d3d60000, 0x000001b0d4090000]
 total_blobs=1310 nmethods=917 adapters=306
 compilation: enabled
              stopped_count=0, restarted_count=0
 full_count=0

Compilation events (20 events):
Event: 1.008 Thread 0x000001b0eac74890  851       3       sun.security.util.KnownOIDs::lambda$static$0 (5 bytes)
Event: 1.008 Thread 0x000001b0eac74890 nmethod 851 0x000001b0d4203710 code [0x000001b0d42038a0, 0x000001b0d42039a8]
Event: 1.009 Thread 0x000001b0eac74890  852       3       java.util.LinkedHashMap$LinkedHashIterator::nextNode (54 bytes)
Event: 1.009 Thread 0x000001b0eac74890 nmethod 852 0x000001b0d4203a90 code [0x000001b0d4203c60, 0x000001b0d4203f98]
Event: 1.010 Thread 0x000001b0eac74890  853       3       java.util.Objects::hash (5 bytes)
Event: 1.010 Thread 0x000001b0eac74890 nmethod 853 0x000001b0d4204110 code [0x000001b0d42042a0, 0x000001b0d42043a8]
Event: 1.010 Thread 0x000001b0eac74890  854       3       java.lang.Integer::numberOfLeadingZeros (79 bytes)
Event: 1.010 Thread 0x000001b0eac74890 nmethod 854 0x000001b0d4204490 code [0x000001b0d4204640, 0x000001b0d42048d8]
Event: 1.010 Thread 0x000001b0eac74890  855  s    3       java.util.Properties::put (10 bytes)
Event: 1.010 Thread 0x000001b0eac74890 nmethod 855 0x000001b0d4204990 code [0x000001b0d4204b40, 0x000001b0d4204da8]
Event: 1.011 Thread 0x000001b0eac74890  856       3       java.lang.invoke.TypeConvertingMethodAdapter::cast (42 bytes)
Event: 1.011 Thread 0x000001b0eac74890 nmethod 856 0x000001b0d4204e90 code [0x000001b0d4205080, 0x000001b0d4205508]
Event: 1.012 Thread 0x000001b0eac74890  857       3       java.lang.invoke.MethodHandles$Lookup::in (280 bytes)
Event: 1.016 Thread 0x000001b0eac74890 nmethod 857 0x000001b0d4205690 code [0x000001b0d4205b60, 0x000001b0d4207e48]
Event: 1.016 Thread 0x000001b0eac74890  858       3       sun.invoke.util.Wrapper::findPrimitiveType (25 bytes)
Event: 1.017 Thread 0x000001b0eac74890 nmethod 858 0x000001b0d4208990 code [0x000001b0d4208c00, 0x000001b0d42096e8]
Event: 1.017 Thread 0x000001b0eac74890  861       3       sun.invoke.util.Wrapper::forPrimitiveType (49 bytes)
Event: 1.018 Thread 0x000001b0eac74890 nmethod 861 0x000001b0d4209b90 code [0x000001b0d4209f00, 0x000001b0d420b248]
Event: 1.018 Thread 0x000001b0eac74890  860       3       java.lang.invoke.MemberName::checkForTypeAlias (172 bytes)
Event: 1.020 Thread 0x000001b0eac74890 nmethod 860 0x000001b0d420b990 code [0x000001b0d420bde0, 0x000001b0d420dc98]

GC Heap History (2 events):
Event: 0.927 GC heap before
{Heap before GC invocations=0 (full 0):
 garbage-first heap   total 131072K, used 12288K [0x0000000080e00000, 0x0000000100000000)
  region size 1024K, 13 young (13312K), 0 survivors (0K)
 Metaspace       used 3847K, capacity 6315K, committed 6528K, reserved 1056768K
  class space    used 417K, capacity 637K, committed 640K, reserved 1048576K
}
Event: 0.931 GC heap after
{Heap after GC invocations=1 (full 0):
 garbage-first heap   total 131072K, used 3927K [0x0000000080e00000, 0x0000000100000000)
  region size 1024K, 2 young (2048K), 2 survivors (2048K)
 Metaspace       used 3847K, capacity 6315K, committed 6528K, reserved 1056768K
  class space    used 417K, capacity 637K, committed 640K, reserved 1048576K
}

Deoptimization events (20 events):
Event: 0.862 Thread 0x000001b0ca0d9330 DEOPT PACKING pc=0x000001b0d41a27df sp=0x0000006c763f8e20
Event: 0.862 Thread 0x000001b0ca0d9330 DEOPT UNPACKING pc=0x000001b0d3b3e23f sp=0x0000006c763f8270 mode 0
Event: 0.868 Thread 0x000001b0ca0d9330 DEOPT PACKING pc=0x000001b0d41a27df sp=0x0000006c763faf80
Event: 0.868 Thread 0x000001b0ca0d9330 DEOPT UNPACKING pc=0x000001b0d3b3e23f sp=0x0000006c763fa3d0 mode 0
Event: 0.950 Thread 0x000001b0ca0d9330 Uncommon trap: trap_request=0xffffff45 fr.pc=0x000001b0db5f49e8 relative=0x00000000000002e8
Event: 0.950 Thread 0x000001b0ca0d9330 Uncommon trap: reason=unstable_if action=reinterpret pc=0x000001b0db5f49e8 method=java.lang.StringUTF16.compress([CI[BII)I @ 20 c2
Event: 0.950 Thread 0x000001b0ca0d9330 DEOPT PACKING pc=0x000001b0db5f49e8 sp=0x0000006c763fc4a0
Event: 0.950 Thread 0x000001b0ca0d9330 DEOPT UNPACKING pc=0x000001b0d3b3e42f sp=0x0000006c763fc420 mode 2
Event: 0.951 Thread 0x000001b0ca0d9330 Uncommon trap: trap_request=0xffffff45 fr.pc=0x000001b0db5c89b4 relative=0x0000000000000034
Event: 0.951 Thread 0x000001b0ca0d9330 Uncommon trap: reason=unstable_if action=reinterpret pc=0x000001b0db5c89b4 method=java.lang.StringLatin1.canEncode(I)Z @ 4 c2
Event: 0.951 Thread 0x000001b0ca0d9330 DEOPT PACKING pc=0x000001b0db5c89b4 sp=0x0000006c763fc4f0
Event: 0.951 Thread 0x000001b0ca0d9330 DEOPT UNPACKING pc=0x000001b0d3b3e42f sp=0x0000006c763fc480 mode 2
Event: 0.957 Thread 0x000001b0ca0d9330 DEOPT PACKING pc=0x000001b0d41e527b sp=0x0000006c763fc4c0
Event: 0.957 Thread 0x000001b0ca0d9330 DEOPT UNPACKING pc=0x000001b0d3b3e23f sp=0x0000006c763fb930 mode 0
Event: 0.966 Thread 0x000001b0ca0d9330 DEOPT PACKING pc=0x000001b0d41e527b sp=0x0000006c763fc090
Event: 0.966 Thread 0x000001b0ca0d9330 DEOPT UNPACKING pc=0x000001b0d3b3e23f sp=0x0000006c763fb500 mode 0
Event: 0.978 Thread 0x000001b0ca0d9330 Uncommon trap: trap_request=0xffffff45 fr.pc=0x000001b0db5faa1c relative=0x00000000000002fc
Event: 0.978 Thread 0x000001b0ca0d9330 Uncommon trap: reason=unstable_if action=reinterpret pc=0x000001b0db5faa1c method=java.lang.String.startsWith(Ljava/lang/String;I)Z @ 14 c2
Event: 0.978 Thread 0x000001b0ca0d9330 DEOPT PACKING pc=0x000001b0db5faa1c sp=0x0000006c763fce80
Event: 0.978 Thread 0x000001b0ca0d9330 DEOPT UNPACKING pc=0x000001b0d3b3e42f sp=0x0000006c763fcde0 mode 2

Classes unloaded (0 events):
No events

Classes redefined (0 events):
No events

Internal exceptions (19 events):
Event: 0.350 Thread 0x000001b0ca0d9330 Exception <a 'java/lang/NoSuchMethodError'{0x00000000889263b8}: 'java.lang.Object java.lang.invoke.DirectMethodHandle$Holder.invokeStatic(java.lang.Object)'> (0x00000000889263b8) 
thrown [./open/src/hotspot/share/interpreter/linkResolver.cpp, line 782]
Event: 0.353 Thread 0x000001b0ca0d9330 Exception <a 'java/lang/NoSuchMethodError'{0x000000008892bac0}: 'java.lang.Object java.lang.invoke.DirectMethodHandle$Holder.invokeStaticInit(java.lang.Object)'> (0x000000008892bac0) 
thrown [./open/src/hotspot/share/interpreter/linkResolver.cpp, line 782]
Event: 0.368 Thread 0x000001b0ca0d9330 Exception <a 'java/lang/NoSuchMethodError'{0x00000000889446c8}: 'void java.lang.invoke.DirectMethodHandle$Holder.invokeStatic(java.lang.Object, java.lang.Object)'> (0x00000000889446c8) 
thrown [./open/src/hotspot/share/interpreter/linkResolver.cpp, line 782]
Event: 0.557 Thread 0x000001b0ca0d9330 Exception <a 'java/lang/NoSuchMethodError'{0x000000008870f770}: 'java.lang.Object java.lang.invoke.DirectMethodHandle$Holder.invokeInterface(java.lang.Object, java.lang.Object)'> (0x000000008870f770) 
thrown [./open/src/hotspot/share/interpreter/linkResolver.cpp, line 782]
Event: 0.559 Thread 0x000001b0ca0d9330 Exception <a 'java/lang/IncompatibleClassChangeError'{0x0000000088713208}: Found class java.lang.Object, but interface was expected> (0x0000000088713208) 
thrown [./open/src/hotspot/share/interpreter/linkResolver.cpp, line 848]
Event: 0.664 Thread 0x000001b0ca0d9330 Exception <a 'java/lang/NoSuchMethodError'{0x000000008878bbc0}: 'java.lang.Object java.lang.invoke.DirectMethodHandle$Holder.newInvokeSpecial(java.lang.Object, java.lang.Object, java.lang.Object, java.lang.Object, java.lang.Object)'> (0x000000008878bbc0) 
thrown [./open/src/hotspot/share/interpreter/linkResolver.cpp, line 782]
Event: 0.703 Thread 0x000001b0ca0d9330 Exception <a 'java/lang/NoSuchMethodError'{0x0000000088609000}: 'void java.lang.invoke.DirectMethodHandle$Holder.invokeSpecial(java.lang.Object, java.lang.Object, java.lang.Object)'> (0x0000000088609000) 
thrown [./open/src/hotspot/share/interpreter/linkResolver.cpp, line 782]
Event: 0.717 Thread 0x000001b0ca0d9330 Exception <a 'java/lang/NoSuchMethodError'{0x000000008862fb20}: 'int java.lang.invoke.DirectMethodHandle$Holder.invokeStaticInit(java.lang.Object, java.lang.Object)'> (0x000000008862fb20) 
thrown [./open/src/hotspot/share/interpreter/linkResolver.cpp, line 782]
Event: 0.719 Thread 0x000001b0ca0d9330 Exception <a 'java/lang/NoSuchMethodError'{0x000000008863d290}: 'java.lang.Object java.lang.invoke.DirectMethodHandle$Holder.invokeSpecialIFC(java.lang.Object, java.lang.Object, java.lang.Object, java.lang.Object)'> (0x000000008863d290) 
thrown [./open/src/hotspot/share/interpreter/linkResolver.cpp, line 782]
Event: 0.750 Thread 0x000001b0ca0d9330 Exception <a 'java/lang/NoSuchMethodError'{0x00000000886f2380}: 'java.lang.Object java.lang.invoke.Invokers$Holder.invokeExact_MT(java.lang.Object, java.lang.Object, java.lang.Object, java.lang.Object, java.lang.Object, java.lang.Object)'> (0x00000000886f2380) 
thrown [./open/src/hotspot/share/interpreter/linkResolver.cpp, line 782]
Event: 0.754 Thread 0x000001b0ca0d9330 Exception <a 'java/lang/NoSuchMethodError'{0x000000008850b4c8}: 'int java.lang.invoke.DirectMethodHandle$Holder.invokeInterface(java.lang.Object, java.lang.Object)'> (0x000000008850b4c8) 
thrown [./open/src/hotspot/share/interpreter/linkResolver.cpp, line 782]
Event: 0.777 Thread 0x000001b0ca0d9330 Exception <a 'java/lang/NoSuchMethodError'{0x0000000088566e30}: 'void java.lang.invoke.DirectMethodHandle$Holder.invokeStatic(java.lang.Object, java.lang.Object, java.lang.Object, java.lang.Object)'> (0x0000000088566e30) 
thrown [./open/src/hotspot/share/interpreter/linkResolver.cpp, line 782]
Event: 0.805 Thread 0x000001b0ca0d9330 Exception <a 'java/lang/NoSuchMethodError'{0x00000000885dc760}: 'java.lang.Object java.lang.invoke.DirectMethodHandle$Holder.newInvokeSpecial(java.lang.Object, java.lang.Object, java.lang.Object, java.lang.Object, java.lang.Object, java.lang.Object)'> (0x00000000885dc760) 
thrown [./open/src/hotspot/share/interpreter/linkResolver.cpp, line 782]
Event: 0.807 Thread 0x000001b0ca0d9330 Exception <a 'java/lang/NoSuchMethodError'{0x00000000885eb050}: 'void java.lang.invoke.DirectMethodHandle$Holder.invokeStaticInit(java.lang.Object)'> (0x00000000885eb050) 
thrown [./open/src/hotspot/share/interpreter/linkResolver.cpp, line 782]
Event: 0.814 Thread 0x000001b0ca0d9330 Exception <a 'java/lang/NoSuchMethodError'{0x00000000884024c0}: 'java.lang.Object java.lang.invoke.DirectMethodHandle$Holder.newInvokeSpecial(java.lang.Object, java.lang.Object, java.lang.Object, java.lang.Object, java.lang.Object, java.lang.Object, java.lang.Object)'> (0x00000000884024c0) 
thrown [./open/src/hotspot/share/interpreter/linkResolver.cpp, line 782]
Event: 0.815 Thread 0x000001b0ca0d9330 Exception <a 'java/lang/NoSuchMethodError'{0x0000000088406ec8}: 'java.lang.Object java.lang.invoke.Invokers$Holder.linkToTargetMethod(java.lang.Object, java.lang.Object, java.lang.Object, java.lang.Object, java.lang.Object, java.lang.Object, java.lang.Object)'> (0x0000000088406ec8) 
thrown [./open/src/hotspot/share/interpreter/linkResolver.cpp, line 782]
Event: 0.818 Thread 0x000001b0ca0d9330 Exception <a 'java/lang/NoSuchMethodError'{0x000000008840f078}: 'java.lang.Object java.lang.invoke.DirectMethodHandle$Holder.invokeSpecialIFC(java.lang.Object, java.lang.Object, java.lang.Object, java.lang.Object, java.lang.Object)'> (0x000000008840f078) 
thrown [./open/src/hotspot/share/interpreter/linkResolver.cpp, line 782]
Event: 1.003 Thread 0x000001b0ca0d9330 Exception <a 'java/lang/NoSuchMethodError'{0x0000000088ce3db0}: 'void java.lang.invoke.DirectMethodHandle$Holder.invokeStaticInit(java.lang.Object, java.lang.Object)'> (0x0000000088ce3db0) 
thrown [./open/src/hotspot/share/interpreter/linkResolver.cpp, line 782]
Event: 1.013 Thread 0x000001b0ca0d9330 Exception <a 'java/lang/NoSuchMethodError'{0x0000000088b115b0}: 'java.lang.Object java.lang.invoke.DirectMethodHandle$Holder.invokeStaticInit(java.lang.Object, int, int, int, int)'> (0x0000000088b115b0) 
thrown [./open/src/hotspot/share/interpreter/linkResolver.cpp, line 782]

Events (20 events):
Event: 1.011 loading class java/security/DrbgParameters
Event: 1.011 loading class java/security/DrbgParameters done
Event: 1.011 loading class java/security/DrbgParameters$Instantiation
Event: 1.011 loading class java/security/DrbgParameters$Instantiation done
Event: 1.011 loading class sun/security/provider/HashDrbg
Event: 1.012 loading class sun/security/provider/AbstractHashDrbg
Event: 1.012 loading class sun/security/provider/AbstractDrbg
Event: 1.012 loading class sun/security/provider/AbstractDrbg done
Event: 1.012 loading class sun/security/provider/AbstractHashDrbg done
Event: 1.012 loading class sun/security/provider/HashDrbg done
Event: 1.012 loading class sun/security/provider/EntropySource
Event: 1.012 loading class sun/security/provider/EntropySource done
Event: 1.014 loading class java/security/DrbgParameters$NextBytes
Event: 1.014 loading class java/security/DrbgParameters$NextBytes done
Event: 1.014 loading class sun/security/provider/AbstractDrbg$SeederHolder
Event: 1.014 loading class sun/security/provider/AbstractDrbg$SeederHolder done
Event: 1.014 loading class sun/security/provider/SeedGenerator
Event: 1.014 loading class sun/security/provider/SeedGenerator done
Event: 1.014 loading class sun/security/provider/NativeSeedGenerator
Event: 1.014 loading class sun/security/provider/NativeSeedGenerator done


Dynamic libraries:
0x00007ff7493b0000 - 0x00007ff7493bf000 	C:\Program Files\Java\jdk-15.0.1\bin\javaw.exe
0x00007fffc82f0000 - 0x00007fffc84e6000 	C:\WINDOWS\SYSTEM32\ntdll.dll
0x00007fffc75a0000 - 0x00007fffc765d000 	C:\WINDOWS\System32\KERNEL32.DLL
0x00007fffc5a30000 - 0x00007fffc5cf9000 	C:\WINDOWS\System32\KERNELBASE.dll
0x00007fffc5ee0000 - 0x00007fffc5fe0000 	C:\WINDOWS\System32\ucrtbase.dll
0x00007fffb36c0000 - 0x00007fffb36d8000 	C:\Program Files\Java\jdk-15.0.1\bin\jli.dll
0x00007fffc6fc0000 - 0x00007fffc706c000 	C:\WINDOWS\System32\ADVAPI32.dll
0x00007fffc7330000 - 0x00007fffc73ce000 	C:\WINDOWS\System32\msvcrt.dll
0x00007fffc6900000 - 0x00007fffc699c000 	C:\WINDOWS\System32\sechost.dll
0x00007fffc6d10000 - 0x00007fffc6e3b000 	C:\WINDOWS\System32\RPCRT4.dll
0x00007fffb11c0000 - 0x00007fffb11d9000 	C:\Program Files\Java\jdk-15.0.1\bin\VCRUNTIME140.dll
0x00007fffc7400000 - 0x00007fffc75a0000 	C:\WINDOWS\System32\USER32.dll
0x00007fffc5e10000 - 0x00007fffc5e32000 	C:\WINDOWS\System32\win32u.dll
0x00007fffc6cd0000 - 0x00007fffc6cfa000 	C:\WINDOWS\System32\GDI32.dll
0x00007fffc5fe0000 - 0x00007fffc60e9000 	C:\WINDOWS\System32\gdi32full.dll
0x00007fffc5e40000 - 0x00007fffc5edd000 	C:\WINDOWS\System32\msvcp_win.dll
0x00007fffb9830000 - 0x00007fffb9acb000 	C:\WINDOWS\WinSxS\amd64_microsoft.windows.common-controls_6595b64144ccf1df_6.0.19041.488_none_ca04af081b815d21\COMCTL32.dll
0x00007fffbcbe0000 - 0x00007fffbcbea000 	C:\WINDOWS\SYSTEM32\VERSION.dll
0x00007fffc73d0000 - 0x00007fffc7400000 	C:\WINDOWS\System32\IMM32.DLL
0x00007fffc1590000 - 0x00007fffc159c000 	C:\Program Files\Java\jdk-15.0.1\bin\vcruntime140_1.dll
0x00007fffa4e40000 - 0x00007fffa4ed1000 	C:\Program Files\Java\jdk-15.0.1\bin\msvcp140.dll
0x00007fff7a150000 - 0x00007fff7acae000 	C:\Program Files\Java\jdk-15.0.1\bin\server\jvm.dll
0x00007fffc6ed0000 - 0x00007fffc6ed8000 	C:\WINDOWS\System32\PSAPI.DLL
0x00007fffc14b0000 - 0x00007fffc14b9000 	C:\WINDOWS\SYSTEM32\WSOCK32.dll
0x00007fffc6b50000 - 0x00007fffc6bbb000 	C:\WINDOWS\System32\WS2_32.dll
0x00007fffbc9c0000 - 0x00007fffbc9e7000 	C:\WINDOWS\SYSTEM32\WINMM.dll
0x00007fffc3980000 - 0x00007fffc3992000 	C:\WINDOWS\SYSTEM32\kernel.appcore.dll
0x00007fffc00f0000 - 0x00007fffc00fa000 	C:\Program Files\Java\jdk-15.0.1\bin\jimage.dll
0x00007fffb32a0000 - 0x00007fffb3484000 	C:\WINDOWS\SYSTEM32\DBGHELP.DLL
0x00007fffb4d90000 - 0x00007fffb4dbc000 	C:\WINDOWS\SYSTEM32\dbgcore.DLL
0x00007fffc5d30000 - 0x00007fffc5db0000 	C:\WINDOWS\System32\bcryptPrimitives.dll
0x00007fffaaf50000 - 0x00007fffaaf75000 	C:\Program Files\Java\jdk-15.0.1\bin\java.dll
0x00007fffc7800000 - 0x00007fffc7f42000 	C:\WINDOWS\System32\SHELL32.dll
0x00007fffc3b80000 - 0x00007fffc4315000 	C:\WINDOWS\SYSTEM32\windows.storage.dll
0x00007fffc7f50000 - 0x00007fffc82a6000 	C:\WINDOWS\System32\combase.dll
0x00007fffc54a0000 - 0x00007fffc54cc000 	C:\WINDOWS\SYSTEM32\Wldp.dll
0x00007fffc6c20000 - 0x00007fffc6cce000 	C:\WINDOWS\System32\SHCORE.dll
0x00007fffc6890000 - 0x00007fffc68e5000 	C:\WINDOWS\System32\shlwapi.dll
0x00007fffc5960000 - 0x00007fffc5986000 	C:\WINDOWS\SYSTEM32\profapi.dll
0x00007fffb3690000 - 0x00007fffb36a9000 	C:\Program Files\Java\jdk-15.0.1\bin\net.dll
0x00007fffb4fc0000 - 0x00007fffb50c0000 	C:\WINDOWS\SYSTEM32\WINHTTP.dll
0x00007fffc5220000 - 0x00007fffc528a000 	C:\WINDOWS\system32\mswsock.dll
0x00007fffab8a0000 - 0x00007fffab8b2000 	C:\Program Files\Java\jdk-15.0.1\bin\nio.dll
0x00007fffaaf30000 - 0x00007fffaaf48000 	C:\Program Files\Java\jdk-15.0.1\bin\zip.dll
0x00007fffb5670000 - 0x00007fffb5680000 	C:\Program Files\Java\jdk-15.0.1\bin\verify.dll
0x00007fffc4ec0000 - 0x00007fffc4efb000 	C:\WINDOWS\SYSTEM32\IPHLPAPI.DLL
0x00007fffc68f0000 - 0x00007fffc68f8000 	C:\WINDOWS\System32\NSI.dll
0x00007fffbc330000 - 0x00007fffbc347000 	C:\WINDOWS\SYSTEM32\dhcpcsvc6.DLL
0x00007fffbc780000 - 0x00007fffbc79d000 	C:\WINDOWS\SYSTEM32\dhcpcsvc.DLL
0x00007fffc4f00000 - 0x00007fffc4fcb000 	C:\WINDOWS\SYSTEM32\DNSAPI.dll
0x00007fffc53f0000 - 0x00007fffc5408000 	C:\WINDOWS\SYSTEM32\CRYPTSP.dll
0x00007fffc4b40000 - 0x00007fffc4b74000 	C:\WINDOWS\system32\rsaenh.dll
0x00007fffc5d00000 - 0x00007fffc5d27000 	C:\WINDOWS\System32\bcrypt.dll
0x00007fffc58e0000 - 0x00007fffc590e000 	C:\WINDOWS\SYSTEM32\USERENV.dll

dbghelp: loaded successfully - version: 4.0.5 - missing functions: none
symbol engine: initialized successfully - sym options: 0x614 - pdb path: .;C:\Program Files\Java\jdk-15.0.1\bin;C:\WINDOWS\SYSTEM32;C:\WINDOWS\WinSxS\amd64_microsoft.windows.common-controls_6595b64144ccf1df_6.0.19041.488_none_ca04af081b815d21;C:\Program Files\Java\jdk-15.0.1\bin\server

VM Arguments:
jvm_args: -ea -Dfile.encoding=Cp1252 -XX:+ShowCodeDetailsInExceptionMessages 
java_command: org.eclipse.jdt.internal.junit.runner.RemoteTestRunner -version 3 -port 53394 -testLoaderClass org.eclipse.jdt.internal.junit4.runner.JUnit4TestLoader -loaderpluginname org.eclipse.jdt.junit4.runtime -classNames runner.RunnerClass
java_class_path (initial): C:\Users\shanm\eclipse-workspace1\SampleBDD\target\test-classes;C:\Users\shanm\eclipse-workspace1\SampleBDD\target\classes;D:\selenium-java-3.141.59\client-combined-3.141.59.jar;D:\selenium-java-3.141.59\client-combined-3.141.59-sources.jar;D:\selenium-java-3.141.59\libs\byte-buddy-1.8.15.jar;D:\selenium-java-3.141.59\libs\commons-exec-1.3.jar;D:\selenium-java-3.141.59\libs\guava-25.0-jre.jar;D:\selenium-java-3.141.59\libs\okhttp-3.11.0.jar;D:\selenium-java-3.141.59\libs\okio-1.14.0.jar;C:\Users\shanm\.m2\repository\io\cucumber\cucumber-java\6.9.1\cucumber-java-6.9.1.jar;C:\Users\shanm\.m2\repository\io\cucumber\cucumber-core\6.9.1\cucumber-core-6.9.1.jar;C:\Users\shanm\.m2\repository\io\cucumber\cucumber-gherkin\6.9.1\cucumber-gherkin-6.9.1.jar;C:\Users\shanm\.m2\repository\io\cucumber\cucumber-gherkin-messages\6.9.1\cucumber-gherkin-messages-6.9.1.jar;C:\Users\shanm\.m2\repository\io\cucumber\messages\13.2.1\messages-13.2.1.jar;C:\Users\shanm\.m2\repository\io\cucumber\tag-expressions\3.0.0\tag-expressions-3.0.0.jar;C:\Users\shanm\.m2\repository\io\cucumber\cucumber-expressions\10.3.0\cucumber-expressions-10.3.0.jar;C:\Users\shanm\.m2\repository\io\cucumber\datatable\3.5.0\datatable-3.5.0.jar;C:\Users\shanm\.m2\repository\io\cucumber\cucumber-plugin\6.9.1\cucumber-plugin-6.9.1.jar;C:\Users\shanm\.m2\repository\io\cucumber\docstring\6.9.1\docstring-6.9.1.jar;C:\Users\shanm\.m2\repository\io\cucumber\html-formatter\9.0.0\html-formatter-9.0.0.jar;C:\Users\shanm\.m2\repository\io\cucumber\create-meta\2.0.4\create-meta-2.0.4.jar;C:\Users\shanm\.m2\repository\org\apiguardian\apiguardian-api\1.1.0\apiguardian-api-1.1.0.jar;C:\Users\shanm\.m2\repository\io\cucumber\cucumber-junit\6.9.1\cucumber-junit-6.9.1.jar;C:\Users\shanm\.m2\repository\org\seleniumhq\selenium\selenium-java\3.141.59\selenium-java-3.141.59.jar;C:\Users\shanm\.m2\repository\org\seleniumhq\selenium\selenium-api\3.141.59\selenium-api-3.141.59.jar;C:\Users\shanm\.m2\repository\o
Launcher Type: SUN_STANDARD

[Global flags]
     intx CICompilerCount                          = 3                                         {product} {ergonomic}
     uint ConcGCThreads                            = 1                                         {product} {ergonomic}
     uint G1ConcRefinementThreads                  = 4                                         {product} {ergonomic}
   size_t G1HeapRegionSize                         = 1048576                                   {product} {ergonomic}
    uintx GCDrainStackTargetSize                   = 64                                        {product} {ergonomic}
   size_t InitialHeapSize                          = 134217728                                 {product} {ergonomic}
   size_t MarkStackSize                            = 4194304                                   {product} {ergonomic}
   size_t MaxHeapSize                              = 2132803584                                {product} {ergonomic}
   size_t MaxNewSize                               = 1279262720                                {product} {ergonomic}
   size_t MinHeapDeltaBytes                        = 1048576                                   {product} {ergonomic}
   size_t MinHeapSize                              = 8388608                                   {product} {ergonomic}
    uintx NonNMethodCodeHeapSize                   = 5832780                                {pd product} {ergonomic}
    uintx NonProfiledCodeHeapSize                  = 122912730                              {pd product} {ergonomic}
    uintx ProfiledCodeHeapSize                     = 122912730                              {pd product} {ergonomic}
    uintx ReservedCodeCacheSize                    = 251658240                              {pd product} {ergonomic}
     bool SegmentedCodeCache                       = true                                      {product} {ergonomic}
     bool ShowCodeDetailsInExceptionMessages       = true                                   {manageable} {command line}
   size_t SoftMaxHeapSize                          = 2132803584                             {manageable} {ergonomic}
     bool UseCompressedClassPointers               = true                                 {lp64_product} {ergonomic}
     bool UseCompressedOops                        = true                                 {lp64_product} {ergonomic}
     bool UseG1GC                                  = true                                      {product} {ergonomic}
     bool UseLargePagesIndividualAllocation        = false                                  {pd product} {ergonomic}

Logging:
Log output configuration:
 #0: stdout all=warning uptime,level,tags
 #1: stderr all=off uptime,level,tags

Environment Variables:
PATH=C:/Program Files/Java/jdk-15.0.1/bin/server;C:/Program Files/Java/jdk-15.0.1/bin;C:\Program Files (x86)\Common Files\Oracle\Java\javapath;C:\Program Files\Java\jdk-15.0.1\bin;C:\Users\shanm\apache-maven-3.6.3-bin\apache-maven-3.6.3\bin;C:\Program Files\MySQL\MySQL Shell 8.0\bin\;C:\Program Files\Java\jdk-15.0.1\bin;C:\Users\shanm\Desktop;
USERNAME=shanm
OS=Windows_NT
PROCESSOR_IDENTIFIER=Intel64 Family 6 Model 69 Stepping 1, GenuineIntel



---------------  S Y S T E M  ---------------

OS:
 Windows 10 , 64 bit Build 19041 (10.0.19041.662)
OS uptime: 0 days 2:36 hours

CPU: total 4 (initial active 4) (2 cores per cpu, 2 threads per core) family 6 model 69 stepping 1 microcode 0x25, cmov, cx8, fxsr, mmx, sse, sse2, sse3, ssse3, sse4.1, sse4.2, popcnt, vzeroupper, avx, avx2, aes, clmul, erms, lzcnt, ht, tsc, tscinvbit, bmi1, bmi2, fma, clflush

Memory: 4k page, system-wide physical 8128M (473M free)
TotalPageFile size 32704M (AvailPageFile size 0M)
current process WorkingSet (physical memory assigned to process): 64M, peak: 64M
current process commit charge ("private bytes"): 217M, peak: 217M

vm_info: Java HotSpot(TM) 64-Bit Server VM (15.0.1+9-18) for windows-amd64 JRE (15.0.1+9-18), built on Sep 15 2020 14:43:54 by "mach5one" with unknown MS VC++:1925

END.
